{
  "RSpec": {
    "coverage": {
      "/mnt/c/Users/simon/dev/flatiron/labs/tic-tac-toe-rb/lib/tic_tac_toe.rb": [
        null,
        null,
        1,
        null,
        null,
        null,
        null,
        null,
        null,
        null,
        null,
        null,
        null,
        1,
        null,
        24,
        24,
        24,
        24,
        24,
        null,
        null,
        null,
        1,
        23,
        null,
        null,
        1,
        22,
        null,
        null,
        1,
        148,
        127,
        21,
        21,
        null,
        null,
        null,
        1,
        23,
        null,
        null,
        1,
        21,
        21,
        189,
        31,
        null,
        null,
        21,
        null,
        null,
        1,
        20,
        null,
        null,
        1,
        20,
        20,
        20,
        20,
        1,
        null,
        19,
        19,
        null,
        null,
        null,
        1,
        57,
        388,
        null,
        null,
        null,
        1,
        null,
        187,
        null,
        null,
        1,
        20,
        null,
        null,
        1,
        21,
        null,
        null,
        1,
        7,
        6,
        null,
        null,
        null,
        null,
        1,
        12,
        17,
        null,
        12,
        5,
        7,
        3,
        null,
        null,
        null,
        null,
        null,
        null,
        null,
        null,
        null,
        null,
        null,
        null,
        null,
        null,
        null
      ]
    },
    "timestamp": 1634761656
  }
}
